<?xml version="1.0" encoding="UTF-8"?>
<!-- Generated by org.testng.reporters.JUnitReportReporter -->
<testsuite hostname="DESKTOP-KBMLCT9" failures="0" tests="1" name="rest.DELETERequest" time="0.043" errors="0" timestamp="2023-05-08T12:37:51 IST" skipped="0">
  <testcase classname="rest.DELETERequest" name="deleteRequest" time="0.043"/>
  <system-out/>
</testsuite> <!-- rest.DELETERequest -->
