<?xml version="1.0" encoding="UTF-8"?>
<!-- Generated by org.testng.reporters.JUnitReportReporter -->
<testsuite hostname="DESKTOP-KBMLCT9" failures="0" tests="1" name="goRest.POST" time="6.674" errors="0" timestamp="2023-05-17T16:51:52 IST" skipped="0">
  <testcase classname="goRest.POST" name="postUser" time="6.674"/>
  <system-out/>
</testsuite> <!-- goRest.POST -->
