<?xml version="1.0" encoding="UTF-8"?>
<!-- Generated by org.testng.reporters.JUnitReportReporter -->
<testsuite hostname="DESKTOP-R62B832" failures="0" tests="1" name="tests.POST_Example" time="6.673" errors="0" timestamp="2022-11-10T15:33:34 IST" skipped="0">
  <testcase classname="tests.POST_Example" name="post_Api" time="6.673"/>
  <system-out/>
</testsuite> <!-- tests.POST_Example -->
