<?xml version="1.0" encoding="UTF-8"?>
<!-- Generated by org.testng.reporters.JUnitReportReporter -->
<testsuite hostname="DESKTOP-KBMLCT9" failures="0" tests="1" name="validations.Logging" time="0.130" errors="0" timestamp="2023-05-11T18:05:24 IST" skipped="0">
  <testcase classname="validations.Logging" name="logging" time="0.130"/>
  <system-out/>
</testsuite> <!-- validations.Logging -->
