<?xml version="1.0" encoding="UTF-8"?>
<!-- Generated by org.testng.reporters.JUnitReportReporter -->
<testsuite hostname="DESKTOP-KBMLCT9" failures="0" tests="1" name="rest.HTTPRequest" time="2.130" errors="0" timestamp="2023-05-05T11:54:20 IST" skipped="0">
  <testcase classname="rest.HTTPRequest" name="deleteUser" time="2.130"/>
  <system-out/>
</testsuite> <!-- rest.HTTPRequest -->
