<?xml version="1.0" encoding="UTF-8"?>
<!-- Generated by org.testng.reporters.JUnitReportReporter -->
<testsuite hostname="DESKTOP-KBMLCT9" failures="0" tests="1" name="validations.Headers_Validations" time="0.694" errors="0" timestamp="2023-05-11T18:05:24 IST" skipped="0">
  <testcase classname="validations.Headers_Validations" name="getHeaderInfo" time="0.694"/>
  <system-out/>
</testsuite> <!-- validations.Headers_Validations -->
