<?xml version="1.0" encoding="UTF-8"?>
<!-- Generated by org.testng.reporters.JUnitReportReporter -->
<testsuite hostname="DESKTOP-R62B832" failures="0" tests="2" name="rest.Test_1" time="19.111" errors="0" timestamp="2022-11-09T11:42:20 IST" skipped="0">
  <testcase classname="rest.Test_1" name="test_Two" time="14.278"/>
  <system-out/>
  <testcase classname="rest.Test_1" name="test_one" time="4.833"/>
  <system-out/>
</testsuite> <!-- rest.Test_1 -->
