<?xml version="1.0" encoding="UTF-8"?>
<!-- Generated by org.testng.reporters.JUnitReportReporter -->
<testsuite hostname="DESKTOP-R62B832" failures="0" tests="1" name="tests.Get_Example" time="3.699" errors="0" timestamp="2022-11-09T16:21:10 IST" skipped="0">
  <testcase classname="tests.Get_Example" name="get_Api" time="3.699"/>
  <system-out/>
</testsuite> <!-- tests.Get_Example -->
