<?xml version="1.0" encoding="UTF-8"?>
<!-- Generated by org.testng.reporters.JUnitReportReporter -->
<testsuite hostname="DESKTOP-KBMLCT9" failures="0" tests="1" name="validations.Query_And_Path_Parameters" time="0.110" errors="0" timestamp="2023-05-11T18:05:24 IST" skipped="0">
  <testcase classname="validations.Query_And_Path_Parameters" name="query_and_path_parameters" time="0.110"/>
  <system-out/>
</testsuite> <!-- validations.Query_And_Path_Parameters -->
