<?xml version="1.0" encoding="UTF-8"?>
<!-- Generated by org.testng.reporters.JUnitReportReporter -->
<testsuite hostname="DESKTOP-KBMLCT9" failures="0" tests="1" name="diffwaystocreatebodyinrequests.Posting_Body_from_HashMap" time="3.536" errors="0" timestamp="2023-05-16T11:26:19 IST" skipped="0">
  <testcase classname="diffwaystocreatebodyinrequests.Posting_Body_from_HashMap" name="creating_body_with_Hashmap" time="3.536"/>
  <system-out/>
</testsuite> <!-- diffwaystocreatebodyinrequests.Posting_Body_from_HashMap -->
