<?xml version="1.0" encoding="UTF-8"?>
<!-- Generated by org.testng.reporters.JUnitReportReporter -->
<testsuite hostname="DESKTOP-KBMLCT9" failures="0" tests="1" name="http_Requests.POSTRequest" time="0.842" errors="0" timestamp="2023-05-11T18:05:24 IST" skipped="0">
  <testcase classname="http_Requests.POSTRequest" name="postRequest" time="0.842"/>
  <system-out/>
</testsuite> <!-- http_Requests.POSTRequest -->
