<?xml version="1.0" encoding="UTF-8"?>
<!-- Generated by org.testng.reporters.JUnitReportReporter -->
<testsuite hostname="DESKTOP-KBMLCT9" failures="0" tests="2" name="diffwaystocreatebodyinrequests.Creating_Post_Req_With_External_Json_File" time="0.441" errors="0" timestamp="2023-05-11T18:05:24 IST" skipped="0">
  <testcase classname="diffwaystocreatebodyinrequests.Creating_Post_Req_With_External_Json_File" name="post_Body_with_External_Json_File" time="0.338"/>
  <system-out/>
  <testcase classname="diffwaystocreatebodyinrequests.Creating_Post_Req_With_External_Json_File" name="deleteRequest" time="0.103"/>
  <system-out/>
</testsuite> <!-- diffwaystocreatebodyinrequests.Creating_Post_Req_With_External_Json_File -->
