<?xml version="1.0" encoding="UTF-8"?>
<!-- Generated by org.testng.reporters.JUnitReportReporter -->
<testsuite hostname="DESKTOP-KBMLCT9" failures="0" tests="1" name="validations.Cookies_Validations" time="4.537" errors="0" timestamp="2023-05-11T18:05:24 IST" skipped="0">
  <testcase classname="validations.Cookies_Validations" name="getCookiesInfo" time="4.537"/>
  <system-out/>
</testsuite> <!-- validations.Cookies_Validations -->
