<?xml version="1.0" encoding="UTF-8"?>
<!-- Generated by org.testng.reporters.JUnitReportReporter -->
<testsuite hostname="DESKTOP-KBMLCT9" failures="0" tests="2" name="diffwaystocreatebodyinrequests.Creating_Post_Req_With_JSON" time="0.479" errors="0" timestamp="2023-05-11T18:05:24 IST" skipped="0">
  <testcase classname="diffwaystocreatebodyinrequests.Creating_Post_Req_With_JSON" name="post_Body_with_Json" time="0.349"/>
  <system-out/>
  <testcase classname="diffwaystocreatebodyinrequests.Creating_Post_Req_With_JSON" name="deleteRequest" time="0.130"/>
  <system-out/>
</testsuite> <!-- diffwaystocreatebodyinrequests.Creating_Post_Req_With_JSON -->
